<?xml version="1.0" encoding="UTF-8"?>
<robot generator="Robot 3.0.4 (Python 3.6.6 on win32)" generated="20180815 16:50:04.169">
<suite id="s1" name="Tests" source="C:\development\robot-scripts\robotframework-wikipedia-example\Tests">
<suite id="s1-s1" name="API Wikipedia" source="C:\development\robot-scripts\robotframework-wikipedia-example\Tests\API_Wikipedia.robot">
<test id="s1-s1-t1" name="Show info about 4 pages starting at the letter &quot;T&quot;">
<kw name="Show Info About 4 Pages" library="WikipediaAPI">
<kw name="Create Session And Send Get Request" library="WikipediaAPI">
<arguments>
<arg>${URL_FOR_DEFINING_INFO_ABOUT_PAGES}</arg>
</arguments>
<assign>
<var>${response}</var>
</assign>
<kw name="Create Session" library="RequestsLibrary">
<doc>Create Session: create a HTTP session to a server</doc>
<arguments>
<arg>session</arg>
<arg>${SESSION_URL}</arg>
</arguments>
<msg timestamp="20180815 16:50:04.397" level="INFO">Creating Session using : alias=session, url=https://en.wikipedia.org, headers={},                     cookies=None, auth=None, timeout=None, proxies=None, verify=False,                     debug=0 </msg>
<status status="PASS" starttime="20180815 16:50:04.397" endtime="20180815 16:50:04.398"></status>
</kw>
<kw name="Get Request" library="RequestsLibrary">
<doc>Send a GET request on the session object found using the</doc>
<arguments>
<arg>session</arg>
<arg>${query_url}</arg>
</arguments>
<assign>
<var>${response}</var>
</assign>
<msg timestamp="20180815 16:50:05.022" level="INFO">Get Request using : alias=session, uri=/w/api.php?action=query&amp;generator=allpages&amp;gaplimit=4&amp;gapfrom=T&amp;prop=info&amp;format=json, headers=None json=None</msg>
<msg timestamp="20180815 16:50:05.022" level="INFO">c:\users\akozyreva\appdata\local\programs\python\python36\lib\site-packages\urllib3\connectionpool.py:857: InsecureRequestWarning: Unverified HTTPS request is being made. Adding certificate verification is strongly advised. See: https://urllib3.readthedocs.io/en/latest/advanced-usage.html#ssl-warnings
  InsecureRequestWarning)</msg>
<msg timestamp="20180815 16:50:05.023" level="INFO">${response} = &lt;Response [200]&gt;</msg>
<status status="PASS" starttime="20180815 16:50:04.398" endtime="20180815 16:50:05.023"></status>
</kw>
<msg timestamp="20180815 16:50:05.024" level="INFO">${response} = &lt;Response [200]&gt;</msg>
<status status="PASS" starttime="20180815 16:50:04.397" endtime="20180815 16:50:05.024"></status>
</kw>
<kw name="Should Be Equal As Strings" library="BuiltIn">
<doc>Fails if objects are unequal after converting them to strings.</doc>
<arguments>
<arg>${response.status_code}</arg>
<arg>200</arg>
</arguments>
<msg timestamp="20180815 16:50:05.026" level="INFO">Argument types are:
&lt;class 'int'&gt;
&lt;type 'unicode'&gt;</msg>
<status status="PASS" starttime="20180815 16:50:05.025" endtime="20180815 16:50:05.026"></status>
</kw>
<kw name="Set Variable" library="BuiltIn">
<doc>Returns the given values which can then be assigned to a variables.</doc>
<arguments>
<arg>${response.json()}</arg>
</arguments>
<assign>
<var>${json}</var>
</assign>
<msg timestamp="20180815 16:50:05.028" level="INFO">${json} = {'batchcomplete': '', 'continue': {'gapcontinue': 'T&amp;A', 'continue': 'gapcontinue||'}, 'query': {'pages': {'30071': {'pageid': 30071, 'ns': 0, 'title': 'T', 'contentmodel': 'wikitext', 'pagelanguage':...</msg>
<status status="PASS" starttime="20180815 16:50:05.026" endtime="20180815 16:50:05.028"></status>
</kw>
<kw name="Log" library="BuiltIn">
<doc>Logs the given message with the given level.</doc>
<arguments>
<arg>${json['query']['pages'].keys()}</arg>
</arguments>
<msg timestamp="20180815 16:50:05.030" level="INFO">dict_keys(['30071', '2793845', '34228516', '2852272'])</msg>
<status status="PASS" starttime="20180815 16:50:05.029" endtime="20180815 16:50:05.030"></status>
</kw>
<kw name="Convert To List" library="Collections">
<doc>Converts the given ``item`` to a Python ``list`` type.</doc>
<arguments>
<arg>${json['query']['pages'].keys()}</arg>
</arguments>
<assign>
<var>${list}</var>
</assign>
<msg timestamp="20180815 16:50:05.031" level="INFO">${list} = ['30071', '2793845', '34228516', '2852272']</msg>
<status status="PASS" starttime="20180815 16:50:05.030" endtime="20180815 16:50:05.031"></status>
</kw>
<kw name="Log" library="BuiltIn">
<doc>Logs the given message with the given level.</doc>
<arguments>
<arg>${list[0]}</arg>
</arguments>
<msg timestamp="20180815 16:50:05.033" level="INFO">30071</msg>
<status status="PASS" starttime="20180815 16:50:05.032" endtime="20180815 16:50:05.033"></status>
</kw>
<kw name="Dictionary Should Contain Item" library="Collections">
<doc>An item of ``key``/``value`` must be found in a `dictionary`.</doc>
<arguments>
<arg>${response.json()['query']['pages']['${list[0]}']}</arg>
<arg>title</arg>
<arg>T</arg>
</arguments>
<status status="PASS" starttime="20180815 16:50:05.033" endtime="20180815 16:50:05.035"></status>
</kw>
<status status="PASS" starttime="20180815 16:50:04.396" endtime="20180815 16:50:05.035"></status>
</kw>
<status status="PASS" starttime="20180815 16:50:04.395" endtime="20180815 16:50:05.036" critical="yes"></status>
</test>
<test id="s1-s1-t2" name="Show List of Bulgarian-language publishers">
<kw name="Show List of Bulgarian-language publishers" library="WikipediaAPI">
<kw name="Create Session And Send Get Request" library="WikipediaAPI">
<arguments>
<arg>${URL_FOR_DEFINING_INFO_ABOUT_PUBLISHERS}</arg>
</arguments>
<assign>
<var>${response}</var>
</assign>
<kw name="Create Session" library="RequestsLibrary">
<doc>Create Session: create a HTTP session to a server</doc>
<arguments>
<arg>session</arg>
<arg>${SESSION_URL}</arg>
</arguments>
<msg timestamp="20180815 16:50:05.047" level="INFO">Creating Session using : alias=session, url=https://en.wikipedia.org, headers={},                     cookies=None, auth=None, timeout=None, proxies=None, verify=False,                     debug=0 </msg>
<status status="PASS" starttime="20180815 16:50:05.046" endtime="20180815 16:50:05.047"></status>
</kw>
<kw name="Get Request" library="RequestsLibrary">
<doc>Send a GET request on the session object found using the</doc>
<arguments>
<arg>session</arg>
<arg>${query_url}</arg>
</arguments>
<assign>
<var>${response}</var>
</assign>
<msg timestamp="20180815 16:50:05.378" level="INFO">Get Request using : alias=session, uri=w/api.php?action=query&amp;list=allcategories&amp;acprefix=List+of&amp;formatversion=2&amp;format=json, headers=None json=None</msg>
<msg timestamp="20180815 16:50:05.378" level="INFO">c:\users\akozyreva\appdata\local\programs\python\python36\lib\site-packages\urllib3\connectionpool.py:857: InsecureRequestWarning: Unverified HTTPS request is being made. Adding certificate verification is strongly advised. See: https://urllib3.readthedocs.io/en/latest/advanced-usage.html#ssl-warnings
  InsecureRequestWarning)</msg>
<msg timestamp="20180815 16:50:05.379" level="INFO">${response} = &lt;Response [200]&gt;</msg>
<status status="PASS" starttime="20180815 16:50:05.047" endtime="20180815 16:50:05.379"></status>
</kw>
<msg timestamp="20180815 16:50:05.379" level="INFO">${response} = &lt;Response [200]&gt;</msg>
<status status="PASS" starttime="20180815 16:50:05.044" endtime="20180815 16:50:05.379"></status>
</kw>
<kw name="Should Be Equal As Strings" library="BuiltIn">
<doc>Fails if objects are unequal after converting them to strings.</doc>
<arguments>
<arg>${response.status_code}</arg>
<arg>200</arg>
</arguments>
<msg timestamp="20180815 16:50:05.380" level="INFO">Argument types are:
&lt;class 'int'&gt;
&lt;type 'unicode'&gt;</msg>
<status status="PASS" starttime="20180815 16:50:05.379" endtime="20180815 16:50:05.380"></status>
</kw>
<kw name="Set Variable" library="BuiltIn">
<doc>Returns the given values which can then be assigned to a variables.</doc>
<arguments>
<arg>${response.json()}</arg>
</arguments>
<assign>
<var>${json}</var>
</assign>
<msg timestamp="20180815 16:50:05.380" level="INFO">${json} = {'batchcomplete': True, 'continue': {'accontinue': 'List_of_Bulgarian-language_publishers', 'continue': '-||'}, 'query': {'allcategories': [{'category': 'List of 20th-century terrorist incidents'}, {'...</msg>
<status status="PASS" starttime="20180815 16:50:05.380" endtime="20180815 16:50:05.380"></status>
</kw>
<kw name="Log" library="BuiltIn">
<doc>Logs the given message with the given level.</doc>
<arguments>
<arg>${response.json()['query']['allcategories'][0]['category']}</arg>
</arguments>
<msg timestamp="20180815 16:50:05.381" level="INFO">List of 20th-century terrorist incidents</msg>
<status status="PASS" starttime="20180815 16:50:05.380" endtime="20180815 16:50:05.381"></status>
</kw>
<kw name="Should Be Equal As Strings" library="BuiltIn">
<doc>Fails if objects are unequal after converting them to strings.</doc>
<arguments>
<arg>${response.json()['query']['allcategories'][0]['category']}</arg>
<arg>List of 20th-century terrorist incidents</arg>
</arguments>
<status status="PASS" starttime="20180815 16:50:05.381" endtime="20180815 16:50:05.381"></status>
</kw>
<status status="PASS" starttime="20180815 16:50:05.043" endtime="20180815 16:50:05.381"></status>
</kw>
<status status="PASS" starttime="20180815 16:50:05.041" endtime="20180815 16:50:05.382" critical="yes"></status>
</test>
<doc>Suite description</doc>
<status status="PASS" starttime="20180815 16:50:04.198" endtime="20180815 16:50:05.384"></status>
</suite>
<suite id="s1-s2" name="Front Wikipedia" source="C:\development\robot-scripts\robotframework-wikipedia-example\Tests\Front_Wikipedia.robot">
<test id="s1-s2-t1" name="User can open Wikipedia">
<kw name="Begin web test" library="Common" type="setup">
<kw name="Open Browser" library="SeleniumLibrary">
<doc>Opens a new browser instance to the given ``url``.</doc>
<arguments>
<arg>about:blank</arg>
<arg>${BROWSER}</arg>
</arguments>
<msg timestamp="20180815 16:50:05.405" level="INFO">Opening browser 'chrome' to base url 'about:blank'.</msg>
<status status="PASS" starttime="20180815 16:50:05.404" endtime="20180815 16:50:06.738"></status>
</kw>
<status status="PASS" starttime="20180815 16:50:05.404" endtime="20180815 16:50:06.739"></status>
</kw>
<kw name="Open Site" library="WikipediaApp">
<kw name="Load" library="MainPage">
<kw name="Go To" library="SeleniumLibrary">
<doc>Navigates the active browser instance to the provided ``url``.</doc>
<arguments>
<arg>${URL}</arg>
</arguments>
<msg timestamp="20180815 16:50:06.741" level="INFO">Opening url 'https://en.wikipedia.org'</msg>
<status status="PASS" starttime="20180815 16:50:06.741" endtime="20180815 16:50:10.967"></status>
</kw>
<kw name="Maximize Browser Window" library="SeleniumLibrary">
<doc>Maximizes current browser window.</doc>
<status status="PASS" starttime="20180815 16:50:10.967" endtime="20180815 16:50:11.093"></status>
</kw>
<status status="PASS" starttime="20180815 16:50:06.740" endtime="20180815 16:50:11.094"></status>
</kw>
<kw name="Verify Page Loaded" library="Common">
<arguments>
<arg>From today's featured article</arg>
</arguments>
<kw name="Wait Until Page Contains" library="SeleniumLibrary">
<doc>Waits until ``text`` appears on current page.</doc>
<arguments>
<arg>${item}</arg>
</arguments>
<status status="PASS" starttime="20180815 16:50:11.096" endtime="20180815 16:50:11.123"></status>
</kw>
<status status="PASS" starttime="20180815 16:50:11.095" endtime="20180815 16:50:11.123"></status>
</kw>
<status status="PASS" starttime="20180815 16:50:06.739" endtime="20180815 16:50:11.123"></status>
</kw>
<kw name="End web Test (common)" library="Common" type="teardown">
<kw name="Close Browser" library="SeleniumLibrary">
<doc>Closes the current browser.</doc>
<status status="PASS" starttime="20180815 16:50:11.124" endtime="20180815 16:50:13.254"></status>
</kw>
<status status="PASS" starttime="20180815 16:50:11.124" endtime="20180815 16:50:13.254"></status>
</kw>
<doc>Test,in which user open Wikipedia and search article</doc>
<tags>
<tag>Wikipedia front</tag>
</tags>
<status status="PASS" starttime="20180815 16:50:05.403" endtime="20180815 16:50:13.255" critical="yes"></status>
</test>
<test id="s1-s2-t2" name="User can search article">
<kw name="Begin web test" library="Common" type="setup">
<kw name="Open Browser" library="SeleniumLibrary">
<doc>Opens a new browser instance to the given ``url``.</doc>
<arguments>
<arg>about:blank</arg>
<arg>${BROWSER}</arg>
</arguments>
<msg timestamp="20180815 16:50:13.265" level="INFO">Opening browser 'chrome' to base url 'about:blank'.</msg>
<status status="PASS" starttime="20180815 16:50:13.264" endtime="20180815 16:50:15.028"></status>
</kw>
<status status="PASS" starttime="20180815 16:50:13.263" endtime="20180815 16:50:15.028"></status>
</kw>
<kw name="Search for article" library="WikipediaApp">
<kw name="Load" library="MainPage">
<kw name="Go To" library="SeleniumLibrary">
<doc>Navigates the active browser instance to the provided ``url``.</doc>
<arguments>
<arg>${URL}</arg>
</arguments>
<msg timestamp="20180815 16:50:15.030" level="INFO">Opening url 'https://en.wikipedia.org'</msg>
<status status="PASS" starttime="20180815 16:50:15.030" endtime="20180815 16:50:18.245"></status>
</kw>
<kw name="Maximize Browser Window" library="SeleniumLibrary">
<doc>Maximizes current browser window.</doc>
<status status="PASS" starttime="20180815 16:50:18.245" endtime="20180815 16:50:18.383"></status>
</kw>
<status status="PASS" starttime="20180815 16:50:15.030" endtime="20180815 16:50:18.383"></status>
</kw>
<kw name="Verify Page Loaded" library="Common">
<arguments>
<arg>From today's featured article</arg>
</arguments>
<kw name="Wait Until Page Contains" library="SeleniumLibrary">
<doc>Waits until ``text`` appears on current page.</doc>
<arguments>
<arg>${item}</arg>
</arguments>
<status status="PASS" starttime="20180815 16:50:18.384" endtime="20180815 16:50:18.405"></status>
</kw>
<status status="PASS" starttime="20180815 16:50:18.383" endtime="20180815 16:50:18.405"></status>
</kw>
<kw name="Search for Products" library="TopNav">
<arguments>
<arg>${SEARCH_TERM}</arg>
</arguments>
<kw name="Enter Search Term" library="TopNav">
<arguments>
<arg>${item}</arg>
</arguments>
<kw name="Input Text" library="SeleniumLibrary">
<doc>Types the given ``text`` into text field identified by ``locator``.</doc>
<arguments>
<arg>${TOPNAV_SEARCH_BAR}</arg>
<arg>${item}</arg>
</arguments>
<msg timestamp="20180815 16:50:18.406" level="INFO">Typing text 'car' into text field '//*[@id="searchInput"]'.</msg>
<status status="PASS" starttime="20180815 16:50:18.406" endtime="20180815 16:50:18.485"></status>
</kw>
<status status="PASS" starttime="20180815 16:50:18.405" endtime="20180815 16:50:18.485"></status>
</kw>
<kw name="Submit Search" library="TopNav">
<kw name="Click Button" library="SeleniumLibrary">
<doc>Clicks button identified by ``locator``.</doc>
<arguments>
<arg>${TOPNAV_SEARCH_BUTTON}</arg>
</arguments>
<msg timestamp="20180815 16:50:18.486" level="INFO">Clicking button '//*[@id="searchButton"]'.</msg>
<status status="PASS" starttime="20180815 16:50:18.486" endtime="20180815 16:50:20.390"></status>
</kw>
<status status="PASS" starttime="20180815 16:50:18.485" endtime="20180815 16:50:20.390"></status>
</kw>
<status status="PASS" starttime="20180815 16:50:18.405" endtime="20180815 16:50:20.390"></status>
</kw>
<kw name="Verify Search Completed" library="Article">
<arguments>
<arg>Car</arg>
</arguments>
<kw name="Element Text Should Be" library="SeleniumLibrary">
<doc>Verifies that element ``locator`` contains exact text ``expected``.</doc>
<arguments>
<arg>${XPATH_H1_ARTICLE}</arg>
<arg>${item}</arg>
</arguments>
<msg timestamp="20180815 16:50:20.394" level="INFO">Verifying element '//*[@id="firstHeading"]' contains exact text 'Car'.</msg>
<status status="PASS" starttime="20180815 16:50:20.393" endtime="20180815 16:50:20.471"></status>
</kw>
<kw name="Page Should Contain Element" library="SeleniumLibrary">
<doc>Verifies that element ``locator`` is found on the current page.</doc>
<arguments>
<arg>${XPATH_BLOCK_CONTETNT}</arg>
</arguments>
<msg timestamp="20180815 16:50:20.486" level="INFO">Current page contains element '//*[@id="toc"]'.</msg>
<status status="PASS" starttime="20180815 16:50:20.471" endtime="20180815 16:50:20.487"></status>
</kw>
<status status="PASS" starttime="20180815 16:50:20.390" endtime="20180815 16:50:20.487"></status>
</kw>
<status status="PASS" starttime="20180815 16:50:15.029" endtime="20180815 16:50:20.487"></status>
</kw>
<kw name="End web Test (common)" library="Common" type="teardown">
<kw name="Close Browser" library="SeleniumLibrary">
<doc>Closes the current browser.</doc>
<status status="PASS" starttime="20180815 16:50:20.488" endtime="20180815 16:50:22.561"></status>
</kw>
<status status="PASS" starttime="20180815 16:50:20.487" endtime="20180815 16:50:22.562"></status>
</kw>
<doc>Test,in which user open Wikipedia and search article</doc>
<tags>
<tag>Wikipedia front</tag>
</tags>
<status status="PASS" starttime="20180815 16:50:13.261" endtime="20180815 16:50:22.563" critical="yes"></status>
</test>
<test id="s1-s2-t3" name="User can search article by partial search">
<kw name="Begin web test" library="Common" type="setup">
<kw name="Open Browser" library="SeleniumLibrary">
<doc>Opens a new browser instance to the given ``url``.</doc>
<arguments>
<arg>about:blank</arg>
<arg>${BROWSER}</arg>
</arguments>
<msg timestamp="20180815 16:50:22.571" level="INFO">Opening browser 'chrome' to base url 'about:blank'.</msg>
<status status="PASS" starttime="20180815 16:50:22.570" endtime="20180815 16:50:23.858"></status>
</kw>
<status status="PASS" starttime="20180815 16:50:22.569" endtime="20180815 16:50:23.858"></status>
</kw>
<kw name="Partial Search" library="WikipediaApp">
<kw name="Load" library="MainPage">
<kw name="Go To" library="SeleniumLibrary">
<doc>Navigates the active browser instance to the provided ``url``.</doc>
<arguments>
<arg>${URL}</arg>
</arguments>
<msg timestamp="20180815 16:50:23.862" level="INFO">Opening url 'https://en.wikipedia.org'</msg>
<status status="PASS" starttime="20180815 16:50:23.861" endtime="20180815 16:50:28.164"></status>
</kw>
<kw name="Maximize Browser Window" library="SeleniumLibrary">
<doc>Maximizes current browser window.</doc>
<status status="PASS" starttime="20180815 16:50:28.165" endtime="20180815 16:50:28.316"></status>
</kw>
<status status="PASS" starttime="20180815 16:50:23.860" endtime="20180815 16:50:28.316"></status>
</kw>
<kw name="Verify Page Loaded" library="Common">
<arguments>
<arg>From today's featured article</arg>
</arguments>
<kw name="Wait Until Page Contains" library="SeleniumLibrary">
<doc>Waits until ``text`` appears on current page.</doc>
<arguments>
<arg>${item}</arg>
</arguments>
<status status="PASS" starttime="20180815 16:50:28.317" endtime="20180815 16:50:28.337"></status>
</kw>
<status status="PASS" starttime="20180815 16:50:28.316" endtime="20180815 16:50:28.337"></status>
</kw>
<kw name="Search for Products" library="TopNav">
<arguments>
<arg>${PARTIAL_SEARCH_TERM}</arg>
</arguments>
<kw name="Enter Search Term" library="TopNav">
<arguments>
<arg>${item}</arg>
</arguments>
<kw name="Input Text" library="SeleniumLibrary">
<doc>Types the given ``text`` into text field identified by ``locator``.</doc>
<arguments>
<arg>${TOPNAV_SEARCH_BAR}</arg>
<arg>${item}</arg>
</arguments>
<msg timestamp="20180815 16:50:28.338" level="INFO">Typing text 'ca' into text field '//*[@id="searchInput"]'.</msg>
<status status="PASS" starttime="20180815 16:50:28.338" endtime="20180815 16:50:28.419"></status>
</kw>
<status status="PASS" starttime="20180815 16:50:28.338" endtime="20180815 16:50:28.419"></status>
</kw>
<kw name="Submit Search" library="TopNav">
<kw name="Click Button" library="SeleniumLibrary">
<doc>Clicks button identified by ``locator``.</doc>
<arguments>
<arg>${TOPNAV_SEARCH_BUTTON}</arg>
</arguments>
<msg timestamp="20180815 16:50:28.420" level="INFO">Clicking button '//*[@id="searchButton"]'.</msg>
<status status="PASS" starttime="20180815 16:50:28.420" endtime="20180815 16:50:29.531"></status>
</kw>
<status status="PASS" starttime="20180815 16:50:28.419" endtime="20180815 16:50:29.531"></status>
</kw>
<status status="PASS" starttime="20180815 16:50:28.337" endtime="20180815 16:50:29.531"></status>
</kw>
<kw name="Verify Page Loaded" library="Common">
<arguments>
<arg>CA or ca may refer to:</arg>
</arguments>
<kw name="Wait Until Page Contains" library="SeleniumLibrary">
<doc>Waits until ``text`` appears on current page.</doc>
<arguments>
<arg>${item}</arg>
</arguments>
<status status="PASS" starttime="20180815 16:50:29.533" endtime="20180815 16:50:29.566"></status>
</kw>
<status status="PASS" starttime="20180815 16:50:29.532" endtime="20180815 16:50:29.567"></status>
</kw>
<kw name="Click on link of Article" library="SearchResults">
<arguments>
<arg>Calcium</arg>
</arguments>
<kw name="Click Link" library="SeleniumLibrary">
<doc>Clicks a link identified by ``locator``.</doc>
<arguments>
<arg>//*[@id="mw-content-text"]//a[contains(text(), '${item}')]</arg>
</arguments>
<msg timestamp="20180815 16:50:29.568" level="INFO">Clicking link '//*[@id="mw-content-text"]//a[contains(text(), 'Calcium')]'.</msg>
<status status="PASS" starttime="20180815 16:50:29.567" endtime="20180815 16:50:30.860"></status>
</kw>
<status status="PASS" starttime="20180815 16:50:29.567" endtime="20180815 16:50:30.860"></status>
</kw>
<kw name="Verify Search Completed" library="Article">
<arguments>
<arg>Calcium</arg>
</arguments>
<kw name="Element Text Should Be" library="SeleniumLibrary">
<doc>Verifies that element ``locator`` contains exact text ``expected``.</doc>
<arguments>
<arg>${XPATH_H1_ARTICLE}</arg>
<arg>${item}</arg>
</arguments>
<msg timestamp="20180815 16:50:30.861" level="INFO">Verifying element '//*[@id="firstHeading"]' contains exact text 'Calcium'.</msg>
<status status="PASS" starttime="20180815 16:50:30.861" endtime="20180815 16:50:30.989"></status>
</kw>
<kw name="Page Should Contain Element" library="SeleniumLibrary">
<doc>Verifies that element ``locator`` is found on the current page.</doc>
<arguments>
<arg>${XPATH_BLOCK_CONTETNT}</arg>
</arguments>
<msg timestamp="20180815 16:50:31.005" level="INFO">Current page contains element '//*[@id="toc"]'.</msg>
<status status="PASS" starttime="20180815 16:50:30.990" endtime="20180815 16:50:31.005"></status>
</kw>
<status status="PASS" starttime="20180815 16:50:30.860" endtime="20180815 16:50:31.005"></status>
</kw>
<status status="PASS" starttime="20180815 16:50:23.859" endtime="20180815 16:50:31.005"></status>
</kw>
<kw name="End web Test (common)" library="Common" type="teardown">
<kw name="Close Browser" library="SeleniumLibrary">
<doc>Closes the current browser.</doc>
<status status="PASS" starttime="20180815 16:50:31.006" endtime="20180815 16:50:33.074"></status>
</kw>
<status status="PASS" starttime="20180815 16:50:31.006" endtime="20180815 16:50:33.074"></status>
</kw>
<doc>Test,in which user open Wikipedia and search article</doc>
<tags>
<tag>Wikipedia front</tag>
</tags>
<status status="PASS" starttime="20180815 16:50:22.567" endtime="20180815 16:50:33.075" critical="yes"></status>
</test>
<test id="s1-s2-t4" name="User can't search if word is unreal">
<kw name="Begin web test" library="Common" type="setup">
<kw name="Open Browser" library="SeleniumLibrary">
<doc>Opens a new browser instance to the given ``url``.</doc>
<arguments>
<arg>about:blank</arg>
<arg>${BROWSER}</arg>
</arguments>
<msg timestamp="20180815 16:50:33.079" level="INFO">Opening browser 'chrome' to base url 'about:blank'.</msg>
<status status="PASS" starttime="20180815 16:50:33.078" endtime="20180815 16:50:34.370"></status>
</kw>
<status status="PASS" starttime="20180815 16:50:33.078" endtime="20180815 16:50:34.370"></status>
</kw>
<kw name="Search and Absence of Results" library="WikipediaApp">
<kw name="Load" library="MainPage">
<kw name="Go To" library="SeleniumLibrary">
<doc>Navigates the active browser instance to the provided ``url``.</doc>
<arguments>
<arg>${URL}</arg>
</arguments>
<msg timestamp="20180815 16:50:34.372" level="INFO">Opening url 'https://en.wikipedia.org'</msg>
<status status="PASS" starttime="20180815 16:50:34.371" endtime="20180815 16:50:38.545"></status>
</kw>
<kw name="Maximize Browser Window" library="SeleniumLibrary">
<doc>Maximizes current browser window.</doc>
<status status="PASS" starttime="20180815 16:50:38.545" endtime="20180815 16:50:38.682"></status>
</kw>
<status status="PASS" starttime="20180815 16:50:34.371" endtime="20180815 16:50:38.683"></status>
</kw>
<kw name="Verify Page Loaded" library="Common">
<arguments>
<arg>From today's featured article</arg>
</arguments>
<kw name="Wait Until Page Contains" library="SeleniumLibrary">
<doc>Waits until ``text`` appears on current page.</doc>
<arguments>
<arg>${item}</arg>
</arguments>
<status status="PASS" starttime="20180815 16:50:38.684" endtime="20180815 16:50:38.719"></status>
</kw>
<status status="PASS" starttime="20180815 16:50:38.683" endtime="20180815 16:50:38.720"></status>
</kw>
<kw name="Search for Products" library="TopNav">
<arguments>
<arg>ghghghhghg</arg>
</arguments>
<kw name="Enter Search Term" library="TopNav">
<arguments>
<arg>${item}</arg>
</arguments>
<kw name="Input Text" library="SeleniumLibrary">
<doc>Types the given ``text`` into text field identified by ``locator``.</doc>
<arguments>
<arg>${TOPNAV_SEARCH_BAR}</arg>
<arg>${item}</arg>
</arguments>
<msg timestamp="20180815 16:50:38.721" level="INFO">Typing text 'ghghghhghg' into text field '//*[@id="searchInput"]'.</msg>
<status status="PASS" starttime="20180815 16:50:38.721" endtime="20180815 16:50:38.835"></status>
</kw>
<status status="PASS" starttime="20180815 16:50:38.720" endtime="20180815 16:50:38.835"></status>
</kw>
<kw name="Submit Search" library="TopNav">
<kw name="Click Button" library="SeleniumLibrary">
<doc>Clicks button identified by ``locator``.</doc>
<arguments>
<arg>${TOPNAV_SEARCH_BUTTON}</arg>
</arguments>
<msg timestamp="20180815 16:50:38.836" level="INFO">Clicking button '//*[@id="searchButton"]'.</msg>
<status status="PASS" starttime="20180815 16:50:38.835" endtime="20180815 16:50:40.169"></status>
</kw>
<status status="PASS" starttime="20180815 16:50:38.835" endtime="20180815 16:50:40.169"></status>
</kw>
<status status="PASS" starttime="20180815 16:50:38.720" endtime="20180815 16:50:40.170"></status>
</kw>
<kw name="Verify Page Loaded" library="Common">
<arguments>
<arg>There were no results matching the query.</arg>
</arguments>
<kw name="Wait Until Page Contains" library="SeleniumLibrary">
<doc>Waits until ``text`` appears on current page.</doc>
<arguments>
<arg>${item}</arg>
</arguments>
<status status="PASS" starttime="20180815 16:50:40.172" endtime="20180815 16:50:40.239"></status>
</kw>
<status status="PASS" starttime="20180815 16:50:40.170" endtime="20180815 16:50:40.239"></status>
</kw>
<status status="PASS" starttime="20180815 16:50:34.370" endtime="20180815 16:50:40.240"></status>
</kw>
<kw name="End web Test (common)" library="Common" type="teardown">
<kw name="Close Browser" library="SeleniumLibrary">
<doc>Closes the current browser.</doc>
<status status="PASS" starttime="20180815 16:50:40.243" endtime="20180815 16:50:42.336"></status>
</kw>
<status status="PASS" starttime="20180815 16:50:40.242" endtime="20180815 16:50:42.336"></status>
</kw>
<doc>Test,in which user open Wikipedia and search article</doc>
<tags>
<tag>Wikipedia front</tag>
</tags>
<status status="PASS" starttime="20180815 16:50:33.076" endtime="20180815 16:50:42.337" critical="yes"></status>
</test>
<test id="s1-s2-t5" name="User can't log in because email and password are fakes">
<kw name="Begin web test" library="Common" type="setup">
<kw name="Open Browser" library="SeleniumLibrary">
<doc>Opens a new browser instance to the given ``url``.</doc>
<arguments>
<arg>about:blank</arg>
<arg>${BROWSER}</arg>
</arguments>
<msg timestamp="20180815 16:50:42.341" level="INFO">Opening browser 'chrome' to base url 'about:blank'.</msg>
<status status="PASS" starttime="20180815 16:50:42.340" endtime="20180815 16:50:43.551"></status>
</kw>
<status status="PASS" starttime="20180815 16:50:42.340" endtime="20180815 16:50:43.552"></status>
</kw>
<kw name="Fail Login" library="WikipediaApp">
<kw name="Load" library="MainPage">
<kw name="Go To" library="SeleniumLibrary">
<doc>Navigates the active browser instance to the provided ``url``.</doc>
<arguments>
<arg>${URL}</arg>
</arguments>
<msg timestamp="20180815 16:50:43.555" level="INFO">Opening url 'https://en.wikipedia.org'</msg>
<status status="PASS" starttime="20180815 16:50:43.554" endtime="20180815 16:50:47.678"></status>
</kw>
<kw name="Maximize Browser Window" library="SeleniumLibrary">
<doc>Maximizes current browser window.</doc>
<status status="PASS" starttime="20180815 16:50:47.678" endtime="20180815 16:50:47.815"></status>
</kw>
<status status="PASS" starttime="20180815 16:50:43.553" endtime="20180815 16:50:47.816"></status>
</kw>
<kw name="Verify Page Loaded" library="Common">
<arguments>
<arg>From today's featured article</arg>
</arguments>
<kw name="Wait Until Page Contains" library="SeleniumLibrary">
<doc>Waits until ``text`` appears on current page.</doc>
<arguments>
<arg>${item}</arg>
</arguments>
<status status="PASS" starttime="20180815 16:50:47.816" endtime="20180815 16:50:47.879"></status>
</kw>
<status status="PASS" starttime="20180815 16:50:47.816" endtime="20180815 16:50:47.879"></status>
</kw>
<kw name="Click to Login" library="MainPage">
<kw name="Click Link" library="SeleniumLibrary">
<doc>Clicks a link identified by ``locator``.</doc>
<arguments>
<arg>${XPATH_LOGIN_BUTTON}</arg>
</arguments>
<msg timestamp="20180815 16:50:47.880" level="INFO">Clicking link '//*[@id="pt-login"]/a'.</msg>
<status status="PASS" starttime="20180815 16:50:47.880" endtime="20180815 16:50:48.749"></status>
</kw>
<status status="PASS" starttime="20180815 16:50:47.880" endtime="20180815 16:50:48.750"></status>
</kw>
<kw name="Verify Page Loaded" library="Common">
<arguments>
<arg>Don't have an account?</arg>
</arguments>
<kw name="Wait Until Page Contains" library="SeleniumLibrary">
<doc>Waits until ``text`` appears on current page.</doc>
<arguments>
<arg>${item}</arg>
</arguments>
<status status="PASS" starttime="20180815 16:50:48.751" endtime="20180815 16:50:48.779"></status>
</kw>
<status status="PASS" starttime="20180815 16:50:48.750" endtime="20180815 16:50:48.779"></status>
</kw>
<kw name="Input in field value" library="Login">
<arguments>
<arg>${XPATH_LOGIN_INPUT}</arg>
<arg>${INVALID_LOGIN_EMAIL}</arg>
</arguments>
<kw name="Input Text" library="SeleniumLibrary">
<doc>Types the given ``text`` into text field identified by ``locator``.</doc>
<arguments>
<arg>${xpath}</arg>
<arg>${value}</arg>
</arguments>
<msg timestamp="20180815 16:50:48.780" level="INFO">Typing text 'test@test.com' into text field '//*[@id="wpName1"]'.</msg>
<status status="PASS" starttime="20180815 16:50:48.780" endtime="20180815 16:50:48.888"></status>
</kw>
<status status="PASS" starttime="20180815 16:50:48.779" endtime="20180815 16:50:48.888"></status>
</kw>
<kw name="Input in field value" library="Login">
<arguments>
<arg>${XPATH_PASSWORD_INPUT}</arg>
<arg>${INVALID_LOGIN_PASSWORD}</arg>
</arguments>
<kw name="Input Text" library="SeleniumLibrary">
<doc>Types the given ``text`` into text field identified by ``locator``.</doc>
<arguments>
<arg>${xpath}</arg>
<arg>${value}</arg>
</arguments>
<msg timestamp="20180815 16:50:48.889" level="INFO">Typing text 'Qq12345678' into text field '//*[@id="wpPassword1"]'.</msg>
<status status="PASS" starttime="20180815 16:50:48.889" endtime="20180815 16:50:48.993"></status>
</kw>
<status status="PASS" starttime="20180815 16:50:48.888" endtime="20180815 16:50:48.994"></status>
</kw>
<kw name="Push Button Log in" library="Login">
<kw name="Click Button" library="SeleniumLibrary">
<doc>Clicks button identified by ``locator``.</doc>
<arguments>
<arg>//*[@id="wpLoginAttempt"]</arg>
</arguments>
<msg timestamp="20180815 16:50:48.995" level="INFO">Clicking button '//*[@id="wpLoginAttempt"]'.</msg>
<status status="PASS" starttime="20180815 16:50:48.994" endtime="20180815 16:50:50.298"></status>
</kw>
<status status="PASS" starttime="20180815 16:50:48.994" endtime="20180815 16:50:50.299"></status>
</kw>
<kw name="Verify Login Fail" library="Login">
<kw name="Element Text Should Be" library="SeleniumLibrary">
<doc>Verifies that element ``locator`` contains exact text ``expected``.</doc>
<arguments>
<arg>//*[@id="userloginForm"]/form/div[1]/div/p</arg>
<arg>Incorrect username or password entered. Please try again.</arg>
</arguments>
<msg timestamp="20180815 16:50:50.302" level="INFO">Verifying element '//*[@id="userloginForm"]/form/div[1]/div/p' contains exact text 'Incorrect username or password entered. Please try again.'.</msg>
<status status="PASS" starttime="20180815 16:50:50.301" endtime="20180815 16:50:50.440"></status>
</kw>
<status status="PASS" starttime="20180815 16:50:50.299" endtime="20180815 16:50:50.441"></status>
</kw>
<status status="PASS" starttime="20180815 16:50:43.553" endtime="20180815 16:50:50.441"></status>
</kw>
<kw name="End web Test (common)" library="Common" type="teardown">
<kw name="Close Browser" library="SeleniumLibrary">
<doc>Closes the current browser.</doc>
<status status="PASS" starttime="20180815 16:50:50.443" endtime="20180815 16:50:52.532"></status>
</kw>
<status status="PASS" starttime="20180815 16:50:50.442" endtime="20180815 16:50:52.532"></status>
</kw>
<status status="PASS" starttime="20180815 16:50:42.339" endtime="20180815 16:50:52.533" critical="yes"></status>
</test>
<doc>This is some basic info about the whole script</doc>
<status status="PASS" starttime="20180815 16:50:05.386" endtime="20180815 16:50:52.538"></status>
</suite>
<status status="PASS" starttime="20180815 16:50:04.171" endtime="20180815 16:50:52.552"></status>
</suite>
<statistics>
<total>
<stat pass="7" fail="0">Critical Tests</stat>
<stat pass="7" fail="0">All Tests</stat>
</total>
<tag>
<stat pass="4" fail="0">Wikipedia front</stat>
</tag>
<suite>
<stat pass="7" fail="0" id="s1" name="Tests">Tests</stat>
<stat pass="2" fail="0" id="s1-s1" name="API Wikipedia">Tests.API Wikipedia</stat>
<stat pass="5" fail="0" id="s1-s2" name="Front Wikipedia">Tests.Front Wikipedia</stat>
</suite>
</statistics>
<errors>
</errors>
</robot>
